# Chunk-averaged data for fix stress_profile and group all
# Timestep Number-of-chunks Total-count
# Chunk Coord1 Ncount c_mystress[1] c_mystress[2] c_mystress[3] density/number
1000000 1500 310000
  1 -49.95 0 0 0 0 0
  2 -49.85 0 0 0 0 0
  3 -49.75 0 0 0 0 0
  4 -49.65 0 0 0 0 0
  5 -49.55 0 0 0 0 0
  6 -49.45 0 0 0 0 0
  7 -49.35 0 0 0 0 0
  8 -49.25 0 0 0 0 0
  9 -49.15 0 0 0 0 0
  10 -49.05 0 0 0 0 0
  11 -48.95 0 0 0 0 0
  12 -48.85 0 0 0 0 0
  13 -48.75 400 1.59782e+06 1.59782e+06 1.07846e+06 0.8
  14 -48.65 0 0 0 0 0
  15 -48.55 0 0 0 0 0
  16 -48.45 0 0 0 0 0
  17 -48.35 0 0 0 0 0
  18 -48.25 0 0 0 0 0
  19 -48.15 0 0 0 0 0
  20 -48.05 0 0 0 0 0
  21 -47.95 0 0 0 0 0
  22 -47.85 0 0 0 0 0
  23 -47.75 0 0 0 0 0
  24 -47.65 0 0 0 0 0
  25 -47.55 0 0 0 0 0
  26 -47.45 0 0 0 0 0
  27 -47.35 0 0 0 0 0
  28 -47.25 0 0 0 0 0
  29 -47.15 0 0 0 0 0
  30 -47.05 0 0 0 0 0
  31 -46.95 0 0 0 0 0
  32 -46.85 0 0 0 0 0
  33 -46.75 0 0 0 0 0
  34 -46.65 0 0 0 0 0
  35 -46.55 0 0 0 0 0
  36 -46.45 0 0 0 0 0
  37 -46.35 0 0 0 0 0
  38 -46.25 400 2.11421e+06 2.11421e+06 1.94901e+06 0.8
  39 -46.15 0 0 0 0 0
  40 -46.05 0 0 0 0 0
  41 -45.95 0 0 0 0 0
  42 -45.85 0 0 0 0 0
  43 -45.75 0 0 0 0 0
  44 -45.65 0 0 0 0 0
  45 -45.55 0 0 0 0 0
  46 -45.45 0 0 0 0 0
  47 -45.35 0 0 0 0 0
  48 -45.25 0 0 0 0 0
  49 -45.15 0 0 0 0 0
  50 -45.05 0 0 0 0 0
  51 -44.95 0 0 0 0 0
  52 -44.85 0 0 0 0 0
  53 -44.75 0 0 0 0 0
  54 -44.65 0 0 0 0 0
  55 -44.55 0 0 0 0 0
  56 -44.45 0 0 0 0 0
  57 -44.35 0 0 0 0 0
  58 -44.25 0 0 0 0 0
  59 -44.15 0 0 0 0 0
  60 -44.05 0 0 0 0 0
  61 -43.95 0 0 0 0 0
  62 -43.85 0 0 0 0 0
  63 -43.75 400 2.147e+06 2.147e+06 2.09627e+06 0.8
  64 -43.65 0 0 0 0 0
  65 -43.55 0 0 0 0 0
  66 -43.45 0 0 0 0 0
  67 -43.35 0 0 0 0 0
  68 -43.25 0 0 0 0 0
  69 -43.15 0 0 0 0 0
  70 -43.05 0 0 0 0 0
  71 -42.95 0 0 0 0 0
  72 -42.85 0 0 0 0 0
  73 -42.75 0 0 0 0 0
  74 -42.65 0 0 0 0 0
  75 -42.55 0 0 0 0 0
  76 -42.45 0 0 0 0 0
  77 -42.35 0 0 0 0 0
  78 -42.25 0 0 0 0 0
  79 -42.15 0 0 0 0 0
  80 -42.05 0 0 0 0 0
  81 -41.95 0 0 0 0 0
  82 -41.85 0 0 0 0 0
  83 -41.75 0 0 0 0 0
  84 -41.65 0 0 0 0 0
  85 -41.55 0 0 0 0 0
  86 -41.45 0 0 0 0 0
  87 -41.35 0 0 0 0 0
  88 -41.25 400 2.13032e+06 2.13032e+06 2.02159e+06 0.8
  89 -41.15 0 0 0 0 0
  90 -41.05 0 0 0 0 0
  91 -40.95 0 0 0 0 0
  92 -40.85 0 0 0 0 0
  93 -40.75 0 0 0 0 0
  94 -40.65 0 0 0 0 0
  95 -40.55 0 0 0 0 0
  96 -40.45 0 0 0 0 0
  97 -40.35 0 0 0 0 0
  98 -40.25 0 0 0 0 0
  99 -40.15 0 0 0 0 0
  100 -40.05 0 0 0 0 0
  101 -39.95 0 0 0 0 0
  102 -39.85 0 0 0 0 0
  103 -39.75 0 0 0 0 0
  104 -39.65 0 0 0 0 0
  105 -39.55 0 0 0 0 0
  106 -39.45 0 0 0 0 0
  107 -39.35 0 0 0 0 0
  108 -39.25 0 0 0 0 0
  109 -39.15 0 0 0 0 0
  110 -39.05 0 0 0 0 0
  111 -38.95 0 0 0 0 0
  112 -38.85 0 0 0 0 0
  113 -38.75 400 1.65797e+06 1.65835e+06 1.09215e+06 0.8
  114 -38.65 0 0 0 0 0
  115 -38.55 0 0 0 0 0
  116 -38.45 0 0 0 0 0
  117 -38.35 0.001 -7009.61 24558.9 8499.47 2e-06
  118 -38.25 0.007 -10470.3 300694 -98908.9 1.4e-05
  119 -38.15 0.071 86188.4 327563 -65666.4 0.000142
  120 -38.05 0.294 193299 236377 -69908.6 0.000588
  121 -37.95 0.875 212808 228186 -72238.1 0.00175
  122 -37.85 1.937 227730 229805 -74767.5 0.003874
  123 -37.75 3.218 211327 249257 -83171.3 0.006436
  124 -37.65 4.599 234531 234061 -84900.9 0.009198
  125 -37.55 5.725 235127 250668 -85774.1 0.01145
  126 -37.45 6.915 240530 245241 -75441.2 0.01383
  127 -37.35 7.97 247449 262732 -80794.3 0.01594
  128 -37.25 9.191 258511 259788 -85732.2 0.018382
  129 -37.15 11.259 221897 221916 -104241 0.022518
  130 -37.05 15.45 142798 149352 -136012 0.0309
  131 -36.95 23.146 59829 52315.6 -160302 0.046292
  132 -36.85 33.947 3548.83 989.585 -145331 0.067894
  133 -36.75 48.412 -8363.55 -12497 -124085 0.096824
  134 -36.65 63.887 108.058 -5376.62 -99729.8 0.127774
  135 -36.55 78.567 15009.8 16324.3 -82373.4 0.157134
  136 -36.45 94.945 32843.2 33276.1 -69009 0.18989
  137 -36.35 108.085 54323.5 52470.8 -60495.7 0.21617
  138 -36.25 117.253 62187.5 59524.9 -50030.9 0.234506
  139 -36.15 122.679 52286.1 53367.1 -44521.9 0.245358
  140 -36.05 121.934 37313.1 39288.3 -41333.6 0.243868
  141 -35.95 116.682 -5428.97 -4609.63 -40856.3 0.233364
  142 -35.85 106.753 -62420.6 -63654.4 -28161.4 0.213506
  143 -35.75 93.039 -112754 -108469 -7294.44 0.186078
  144 -35.65 77.735 -126891 -131103 16720.6 0.15547
  145 -35.55 64.15 -128956 -133196 41400.6 0.1283
  146 -35.45 53.131 -111723 -114460 69216.2 0.106262
  147 -35.35 44.67 -87443.7 -84643.3 100007 0.08934
  148 -35.25 39.564 -48190.2 -43324.8 147653 0.079128
  149 -35.15 36.813 -11874.4 -13973.6 180509 0.073626
  150 -35.05 36.011 26021.5 22161.3 224037 0.072022
  151 -34.95 35.111 53891.4 58723.6 257793 0.070222
  152 -34.85 34.698 66050.9 69902.1 271727 0.069396
  153 -34.75 34.104 72035.2 71995.6 267675 0.068208
  154 -34.65 33.069 78727.6 85515.8 272649 0.066138
  155 -34.55 32.605 67941.5 76357.2 241936 0.06521
  156 -34.45 32.539 60060.7 61007.7 220294 0.065078
  157 -34.35 33.14 54360 49969.2 193171 0.06628
  158 -34.25 33.762 36438.2 39172.1 162542 0.067524
  159 -34.15 35.321 19466.1 18249.4 122372 0.070642
  160 -34.05 37.256 -883.433 6055.93 73723.4 0.074512
  161 -33.95 38.867 -21513.1 -17299.7 9267.62 0.077734
  162 -33.85 42.051 -43738.4 -40725.8 -43880.9 0.084102
  163 -33.75 45.422 -55869.5 -52297.2 -86421.6 0.090844
  164 -33.65 49.802 -64746.3 -65843.3 -113688 0.099604
  165 -33.55 54.397 -55974.5 -63365.1 -132297 0.108794
  166 -33.45 59.432 -58474.6 -59766 -135721 0.118864
  167 -33.35 63.267 -47106.5 -49422.7 -131572 0.126534
  168 -33.25 66.052 -37257.8 -42635.4 -120507 0.132104
  169 -33.15 68.05 -18859.6 -18020.2 -97302.1 0.1361
  170 -33.05 67.953 -3837.79 -3998.28 -66860.7 0.135906
  171 -32.95 67.096 19915.7 18324.8 -42973.9 0.134192
  172 -32.85 65.254 23335.6 22594.2 -17541.9 0.130508
  173 -32.75 62.389 40850.3 42074.7 6391.87 0.124778
  174 -32.65 60.141 44747.5 48918.9 25567.2 0.120282
  175 -32.55 57.796 49312.2 46305.7 36609.8 0.115592
  176 -32.45 55.494 47725.9 49714.1 44704.5 0.110988
  177 -32.35 53.788 35621.8 36158.9 51793.2 0.107576
  178 -32.25 51.372 25522.6 28405.2 52975.8 0.102744
  179 -32.15 49.74 15614.8 16412.5 49260.7 0.09948
  180 -32.05 48.506 2194.3 1834.11 52486.6 0.097012
  181 -31.95 47.447 -4928.3 -9605.58 50059.6 0.094894
  182 -31.85 45.925 -16442.8 -19536.8 40187.3 0.09185
  183 -31.75 45.27 -14624.6 -23562.2 38614.1 0.09054
  184 -31.65 45.044 -20910.2 -23556.2 31768.7 0.090088
  185 -31.55 44.89 -23824.6 -24586.4 18042 0.08978
  186 -31.45 44.668 -28750 -22591.1 11870.6 0.089336
  187 -31.35 45.161 -25860.2 -19250.8 7634.04 0.090322
  188 -31.25 45.43 -19022.3 -20419 4720.23 0.09086
  189 -31.15 46.008 -18150.3 -19945.4 -8446.94 0.092016
  190 -31.05 46.333 -6704.65 -12485.8 -10268.5 0.092666
  191 -30.95 46.774 -7528.36 -10943 -11716.4 0.093548
  192 -30.85 48.095 -4423.15 -863.666 -3850.83 0.09619
  193 -30.75 48.405 1684.03 -3251.04 -12041 0.09681
  194 -30.65 49.41 1467 1999.71 -8789.94 0.09882
  195 -30.55 49.648 4646.21 2811.9 -4651.63 0.099296
  196 -30.45 50.607 7001.37 10433.1 -7849.62 0.101214
  197 -30.35 51.121 6748.3 -401.043 -5644.33 0.102242
  198 -30.25 51.322 11191.1 11471.2 -3928.61 0.102644
  199 -30.15 51.708 8533.6 8624.62 -3406.87 0.103416
  200 -30.05 52.324 3680.49 12388.2 -4365.84 0.104648
  201 -29.95 51.687 10678 11441.9 -2386.85 0.103374
  202 -29.85 52.683 2792.04 3298.38 -5673.52 0.105366
  203 -29.75 52.183 1627.2 1426.73 -9739.16 0.104366
  204 -29.65 52.563 -9115.84 -3313.3 -8709.19 0.105126
  205 -29.55 52.432 -6083.52 -4854.43 -11877.2 0.104864
  206 -29.45 52.393 -2140.02 -8222.39 -135.497 0.104786
  207 -29.35 52.374 3351.99 -395.852 -8705.84 0.104748
  208 -29.25 51.821 -319.654 -2536.2 -5945.62 0.103642
  209 -29.15 52.058 916.661 2035.05 -7380.84 0.104116
  210 -29.05 51.23 -464.709 -10169.1 -6786.99 0.10246
  211 -28.95 51.035 1007.89 -2373.26 -170.321 0.10207
  212 -28.85 51.378 355.788 -625.49 2499.54 0.102756
  213 -28.75 50.672 203.796 -1226.62 6446.54 0.101344
  214 -28.65 50.431 1533.08 3638.4 7151.82 0.100862
  215 -28.55 50.117 6754.02 -2280.37 10318.6 0.100234
  216 -28.45 49.362 -1050.79 1265.22 3418.97 0.098724
  217 -28.35 49.323 5357.15 -1142.79 8927.59 0.098646
  218 -28.25 49.266 581.17 6409.61 13877.6 0.098532
  219 -28.15 49.461 3177.56 6211.15 15689.5 0.098922
  220 -28.05 48.995 1454.97 -678.676 10692.6 0.09799
  221 -27.95 49.013 5509.65 -1490.2 1508.79 0.098026
  222 -27.85 49.297 1215.06 3025.55 5323.95 0.098594
  223 -27.75 48.982 822.027 -166.658 11161.6 0.097964
  224 -27.65 49.534 -2673.13 2719.28 7306.16 0.099068
  225 -27.55 49.657 -2810.97 -4838.99 1610.53 0.099314
  226 -27.45 49.713 -2423.94 -1184.46 -3468.35 0.099426
  227 -27.35 50.626 -4401.07 -1084.87 -1967.22 0.101252
  228 -27.25 49.774 -5239.61 -3188.76 -9684.5 0.099548
  229 -27.15 50.105 -3168.78 -3718.75 -10169.4 0.10021
  230 -27.05 50.633 -1019.63 -10085.6 -3117.79 0.101266
  231 -26.95 50.782 -1635.56 -2830.41 -7413.34 0.101564
  232 -26.85 50.81 1507.9 246.159 -8743.56 0.10162
  233 -26.75 50.444 305.98 33.4404 39.5353 0.100888
  234 -26.65 51.083 66.6498 3579.44 -2073.75 0.102166
  235 -26.55 50.934 -611.212 1996.88 -6384.64 0.101868
  236 -26.45 50.746 4931 405.313 -2319.31 0.101492
  237 -26.35 50.844 2411.58 3100.75 -1390.66 0.101688
  238 -26.25 50.917 2877.37 -278.45 3657.29 0.101834
  239 -26.15 51.01 1362.5 1097.78 -2391.54 0.10202
  240 -26.05 50.724 3050.27 3769.67 1549.73 0.101448
  241 -25.95 50.704 3281.76 5185.93 1577.69 0.101408
  242 -25.85 50.798 6900.75 3918.06 2795.03 0.101596
  243 -25.75 50.875 1373.86 -2127.13 1131.32 0.10175
  244 -25.65 50.431 -1406.06 -2267.27 538.315 0.100862
  245 -25.55 50.678 5437.67 4152.43 4588.59 0.101356
  246 -25.45 50.522 4473.76 -2583.92 3193.02 0.101044
  247 -25.35 50.446 -793.04 107.47 2581.87 0.100892
  248 -25.25 50.235 -2429.12 -1724.39 724.315 0.10047
  249 -25.15 50.582 4997.87 4738.42 2289.09 0.101164
  250 -25.05 50.096 890.638 1120.86 2471.44 0.100192
  251 -24.95 50.608 -2459.48 -2680.68 -2761.02 0.101216
  252 -24.85 50.3 -2486.48 -3919.89 -1439.47 0.1006
  253 -24.75 50.339 -3912.93 -3881.29 -3772.25 0.100678
  254 -24.65 50.37 2608.92 1868.17 -277.35 0.10074
  255 -24.55 50.75 -1340.06 -3415.93 -93.2232 0.1015
  256 -24.45 50.202 -628.258 1179.87 2467.41 0.100404
  257 -24.35 50.649 -189.316 -1492.12 -2455.47 0.101298
  258 -24.25 50.662 -2853.71 -160.983 6017.44 0.101324
  259 -24.15 49.937 4608.45 8319.2 920.244 0.099874
  260 -24.05 50.761 -891.205 3234.93 371.9 0.101522
  261 -23.95 50.478 -2058.69 2029.5 434.443 0.100956
  262 -23.85 50.453 770.627 -2015.66 639.081 0.100906
  263 -23.75 50.608 1290.53 -889.378 -5707.04 0.101216
  264 -23.65 50.59 5109.82 -386.107 5466.32 0.10118
  265 -23.55 50.199 -6584.65 -1884.85 3439.84 0.100398
  266 -23.45 50.175 5741.35 1558.94 -634.539 0.10035
  267 -23.35 50.322 -2110.22 -913.164 -2642.14 0.100644
  268 -23.25 50.189 7423.53 1602.79 3754.2 0.100378
  269 -23.15 50.782 -661.248 -736.496 3051.01 0.101564
  270 -23.05 50.459 -923.97 -1657.41 460.496 0.100918
  271 -22.95 50.645 69.5127 1611.08 -566.069 0.10129
  272 -22.85 50.753 -1894.43 -2715.19 -3805.26 0.101506
  273 -22.75 50.686 -3405.08 -2416.37 -1131.42 0.101372
  274 -22.65 50.648 817.297 2330.84 901.902 0.101296
  275 -22.55 50.528 966.142 5889.84 -1683.5 0.101056
  276 -22.45 50.945 -2253.81 -5962.94 -4152.03 0.10189
  277 -22.35 51.14 -1480.73 1956.11 -774.369 0.10228
  278 -22.25 50.709 -995.206 1900.86 -1265.61 0.101418
  279 -22.15 50.512 564.939 120.412 3040.98 0.101024
  280 -22.05 50.575 895.568 -1557.53 5183.27 0.10115
  281 -21.95 50.671 708.873 -2825.74 1377.15 0.101342
  282 -21.85 50.809 9145.8 6411.98 -1774.64 0.101618
  283 -21.75 50.689 8431.49 -4576.52 -178.369 0.101378
  284 -21.65 50.503 -5821.31 -7253.47 3283.67 0.101006
  285 -21.55 50.34 1043.25 8862.54 -80.9896 0.10068
  286 -21.45 50.578 5194.42 1099.45 -2338.14 0.101156
  287 -21.35 50.761 646.14 -2955.45 474.013 0.101522
  288 -21.25 50.656 -5432.11 -5414.91 -2025.43 0.101312
  289 -21.15 50.231 4226.99 1080.21 -2319.91 0.100462
  290 -21.05 50.226 3770.42 -2672.25 1258.04 0.100452
  291 -20.95 50.871 -1616.81 -222.541 4439.98 0.101742
  292 -20.85 50.727 780.322 -2982.79 3282.28 0.101454
  293 -20.75 50.416 -6107.03 2777.27 506.674 0.100832
  294 -20.65 50.772 5325.1 586.789 6149.18 0.101544
  295 -20.55 50.577 2513.97 4199.09 -4821.78 0.101154
  296 -20.45 50.883 -3792.45 -6507.65 -6212.91 0.101766
  297 -20.35 50.613 -4700.95 -180.353 4457.59 0.101226
  298 -20.25 50.583 -3026.97 2962.11 -2495.31 0.101166
  299 -20.15 50.573 4613.7 -881.874 42.1767 0.101146
  300 -20.05 50.738 -3129.51 2740.13 2139.21 0.101476
  301 -19.95 50.491 -908.445 -4259.51 -5402.75 0.100982
  302 -19.85 50.93 -2622.74 1886.57 3318.71 0.10186
  303 -19.75 50.759 5006.94 2216.09 2756.03 0.101518
  304 -19.65 50.888 6073.81 1833.04 -6930.49 0.101776
  305 -19.55 50.577 -803.17 -834.886 1308.01 0.101154
  306 -19.45 50.264 1725.1 2544.7 1455.61 0.100528
  307 -19.35 50.634 -3977.13 -3591.57 -2025.11 0.101268
  308 -19.25 50.932 4438.63 957.432 3836.91 0.101864
  309 -19.15 50.089 -3741.4 -4307.81 2304.43 0.100178
  310 -19.05 50.521 1837.86 3404.96 1638.54 0.101042
  311 -18.95 50.208 -2283.77 -2222.92 -5499.71 0.100416
  312 -18.85 50.756 -3753.01 2479.62 2620.37 0.101512
  313 -18.75 50.771 1533.74 3775.43 991.369 0.101542
  314 -18.65 50.398 4815.02 7326.79 -1572.47 0.100796
  315 -18.55 50.518 5303.19 95.5809 -140.186 0.101036
  316 -18.45 50.633 -2852.73 -3624.21 -2809.58 0.101266
  317 -18.35 50.52 -2205.95 -434.159 -2020.53 0.10104
  318 -18.25 50.344 5197.37 6013.7 -1885.91 0.100688
  319 -18.15 50.569 1627.6 -949.629 2590.82 0.101138
  320 -18.05 50.729 2396.06 -1111.82 3598.8 0.101458
  321 -17.95 50.632 -5268.93 -3109.15 -4630.28 0.101264
  322 -17.85 50.863 -3807.8 -408.056 -405.739 0.101726
  323 -17.75 50.402 -5455.35 1290.91 2598.83 0.100804
  324 -17.65 50.585 4624.8 -3267.46 -762.962 0.10117
  325 -17.55 50.769 1532.15 5766.24 2416.89 0.101538
  326 -17.45 50.373 -2267.72 -4122.32 -630.507 0.100746
  327 -17.35 50.399 -2526.8 3052.27 1667.88 0.100798
  328 -17.25 50.335 -1213.38 3219.54 3690.85 0.10067
  329 -17.15 51.087 2780.03 -812.904 2833.9 0.102174
  330 -17.05 50.858 3660.3 -2247.33 -894.981 0.101716
  331 -16.95 50.706 -3397.14 447.587 -1593.37 0.101412
  332 -16.85 50.466 940.725 -6264.23 1754 0.100932
  333 -16.75 50.722 8021.89 -3407.38 2853.64 0.101444
  334 -16.65 50.45 -2407.25 1427.51 -792.609 0.1009
  335 -16.55 50.903 -3791.85 167.946 1369.48 0.101806
  336 -16.45 50.227 900.093 -2648.17 -5085.9 0.100454
  337 -16.35 50.857 -1479.18 7320.18 5464.43 0.101714
  338 -16.25 50.32 6654.47 3463.91 -661.059 0.10064
  339 -16.15 50.763 1392.68 78.891 -929.001 0.101526
  340 -16.05 50.403 1934.53 -179.866 -2035.29 0.100806
  341 -15.95 50.698 1062.4 4838.15 -710.726 0.101396
  342 -15.85 50.219 -366.279 -3304.63 2515.48 0.100438
  343 -15.75 50.952 -285.135 -4934.15 387.171 0.101904
  344 -15.65 50.651 979.407 -2328.24 463.759 0.101302
  345 -15.55 50.954 4161.83 3182.18 6490.88 0.101908
  346 -15.45 50.785 3208.53 597.625 -344.108 0.10157
  347 -15.35 50.727 -1094.64 -163.092 -1849.23 0.101454
  348 -15.25 50.498 -2796.55 -2568.27 1428.93 0.100996
  349 -15.15 50.715 -2134.06 -1771.36 3453.37 0.10143
  350 -15.05 50.704 2222.26 -1682.95 -381.439 0.101408
  351 -14.95 50.468 -7504.71 1821.3 -5686.82 0.100936
  352 -14.85 50.934 -2563.78 -3360.92 -6429.69 0.101868
  353 -14.75 50.889 -1470.84 -1658.09 -4064.41 0.101778
  354 -14.65 50.561 284.33 -1576.35 2713.02 0.101122
  355 -14.55 50.839 957.112 4371.86 1501.65 0.101678
  356 -14.45 49.912 2702.54 2999.74 2618.67 0.099824
  357 -14.35 50.548 4952.67 4162.26 1152.96 0.101096
  358 -14.25 50.903 1742.62 2215.05 3382.3 0.101806
  359 -14.15 50.963 641.034 -4338.92 1366.21 0.101926
  360 -14.05 50.681 2178.96 -802.3 841.692 0.101362
  361 -13.95 50.59 -934.937 2672.53 2113.65 0.10118
  362 -13.85 50.34 -3574.33 859.63 -1719.81 0.10068
  363 -13.75 50.805 -2239.35 1140.74 3467.31 0.10161
  364 -13.65 50.297 -3256.54 1922.32 37.9416 0.100594
  365 -13.55 51.014 6437.94 798.536 -3161.04 0.102028
  366 -13.45 50.354 3640.68 -2100.67 -5111.03 0.100708
  367 -13.35 50.816 2066.49 2961.18 2123.86 0.101632
  368 -13.25 50.626 -2739.76 -1111.19 615.596 0.101252
  369 -13.15 50.434 1639.14 806.46 2884.34 0.100868
  370 -13.05 49.861 -2165.59 4853.29 178.685 0.099722
  371 -12.95 50.386 -2718.62 -51.1627 3173.45 0.100772
  372 -12.85 51.1 -2736.92 189.613 -3411.76 0.1022
  373 -12.75 50.687 224.466 -391.101 2428.27 0.101374
  374 -12.65 50.627 -4501.93 3690.43 467.76 0.101254
  375 -12.55 50.579 379.362 -5059.69 -2576.57 0.101158
  376 -12.45 50.302 313.32 -1050.56 987.467 0.100604
  377 -12.35 50.848 -5201.24 1543.85 -827.062 0.101696
  378 -12.25 50.497 -615.965 -1734.56 -2746.92 0.100994
  379 -12.15 50.472 3007.05 1848.38 -1810.91 0.100944
  380 -12.05 50.523 494.679 3011.99 -4455.21 0.101046
  381 -11.95 50.924 4396.01 5489.26 1200.87 0.101848
  382 -11.85 50.993 -1485.83 -4195.08 1049.57 0.101986
  383 -11.75 50.754 -184.597 1972.32 2220.94 0.101508
  384 -11.65 50.848 -383.784 -2814.68 4354.75 0.101696
  385 -11.55 50.905 -3234.25 2675.5 -8625.15 0.10181
  386 -11.45 50.585 6471.18 4355.19 -2084.26 0.10117
  387 -11.35 50.78 1490.78 -960.549 2224.5 0.10156
  388 -11.25 50.828 -1911.05 1539.73 3634.76 0.101656
  389 -11.15 50.845 -2761.31 -3189.03 -1471.94 0.10169
  390 -11.05 50.38 -2757.32 -4052.34 1359.71 0.10076
  391 -10.95 50.602 -1216.74 2719.02 -378.966 0.101204
  392 -10.85 50.785 749.762 1198.13 -2216.28 0.10157
  393 -10.75 50.524 4706.87 -4808.18 -1867.44 0.101048
  394 -10.65 50.38 1152.91 -1634.19 -1469.83 0.10076
  395 -10.55 50.562 -872.146 5171.07 2562.26 0.101124
  396 -10.45 50.423 5364.73 3721.27 3499.24 0.100846
  397 -10.35 50.409 945.285 -3005.67 -1457.13 0.100818
  398 -10.25 50.564 1918 73.794 -1546.9 0.101128
  399 -10.15 50.561 -2838.9 -4643.98 1031.83 0.101122
  400 -10.05 50.477 -1906.15 -2084.3 -2121.71 0.100954
  401 -9.95 50.698 2455.33 3902.47 -316.203 0.101396
  402 -9.85 50.659 -2654.05 2164.64 3233.99 0.101318
  403 -9.75 50.476 2051.75 2781.81 2866.9 0.100952
  404 -9.65 50.428 173.637 -3567.05 -3994.13 0.100856
  405 -9.55 50.129 2289.36 2786.37 1806.73 0.100258
  406 -9.45 50.495 -2999.81 -2539.72 235.355 0.10099
  407 -9.35 50.483 1941.76 3811.38 -2115.35 0.100966
  408 -9.25 50.789 -892.372 2415.62 -875.851 0.101578
  409 -9.15 50.901 -1376.68 3812.6 -1312 0.101802
  410 -9.05 50.532 -571.311 -367.679 4289.41 0.101064
  411 -8.95 50.733 1010.08 -2707.3 -1898.2 0.101466
  412 -8.85 51.106 -1951.74 -3896.5 -7449.58 0.102212
  413 -8.75 50.612 -1503.09 -271.609 -905.565 0.101224
  414 -8.65 50.78 5379.74 2278.26 3276.33 0.10156
  415 -8.55 50.955 -2857.46 -906.086 4462.25 0.10191
  416 -8.45 50.723 -558.754 -1417.93 1310.95 0.101446
  417 -8.35 51.108 2534 4593.77 1245.51 0.102216
  418 -8.25 51 -3125.35 -913.682 1619.25 0.102
  419 -8.15 50.833 -4480.25 -1478.41 850.896 0.101666
  420 -8.05 50.894 193.484 2259.89 -590.897 0.101788
  421 -7.95 50.801 5285.7 -1016.74 -683.097 0.101602
  422 -7.85 50.582 -3572.58 6259.31 -2286.99 0.101164
  423 -7.75 50.691 -3158.93 -5140.5 744.692 0.101382
  424 -7.65 50.467 6685.54 -1934.67 -5714.62 0.100934
  425 -7.55 50.41 1524.87 2901.76 3902.49 0.10082
  426 -7.45 50.528 -992.224 -696.115 -1191.64 0.101056
  427 -7.35 50.55 -510.639 692.324 800.122 0.1011
  428 -7.25 50.335 -6715.04 -4229.29 -5422.51 0.10067
  429 -7.15 50.829 5629.45 2716.24 5539.98 0.101658
  430 -7.05 50.621 4371.49 139.301 -2488.09 0.101242
  431 -6.95 50.093 2315.96 2212.58 4860.42 0.100186
  432 -6.85 50.418 2617.21 3806.73 4719.82 0.100836
  433 -6.75 50.276 3519.96 -596.565 2124.94 0.100552
  434 -6.65 50.296 1515.93 864.701 2657.33 0.100592
  435 -6.55 50.814 1575.64 2231.21 1782.48 0.101628
  436 -6.45 50.362 3783.41 1400.16 2131.19 0.100724
  437 -6.35 50.605 418.861 284.314 759.062 0.10121
  438 -6.25 50.594 1253.43 2584.48 -4263.26 0.101188
  439 -6.15 50.652 -2682.2 -3265.27 395.67 0.101304
  440 -6.05 50.932 884.869 234.012 -1944.37 0.101864
  441 -5.95 50.68 -1405.2 -2122.38 -2389.36 0.10136
  442 -5.85 50.778 1654.86 -2613.49 -2948.9 0.101556
  443 -5.75 50.558 -1280.06 2804.82 144.335 0.101116
  444 -5.65 50.793 -2442.38 1057.2 -1495.8 0.101586
  445 -5.55 50.688 2451.82 -2343.97 -4695.67 0.101376
  446 -5.45 50.623 -2290.64 -10.2829 -4498.83 0.101246
  447 -5.35 50.498 308.631 -1535.79 777.057 0.100996
  448 -5.25 50.217 3357.8 3150.1 -352.853 0.100434
  449 -5.15 50.491 -520.582 -1856.87 4981.16 0.100982
  450 -5.05 50.551 595.97 -240.787 -3461.47 0.101102
  451 -4.95 50.399 6261.81 4446.94 4320.15 0.100798
  452 -4.85 50.868 875.14 2944.61 846.121 0.101736
  453 -4.75 50.411 4454.04 4592.7 334.13 0.100822
  454 -4.65 50.463 4150.35 -558.948 5138.88 0.100926
  455 -4.55 50.392 -5417.85 2724.28 6970.43 0.100784
  456 -4.45 50.423 -1611.91 1353.87 684.411 0.100846
  457 -4.35 50.446 1676.08 1905.21 560.386 0.100892
  458 -4.25 50.562 -2748.79 -517.845 2782.77 0.101124
  459 -4.15 50.271 -723.305 -3399.17 -5210.49 0.100542
  460 -4.05 50.568 1664.3 9027.66 2843.73 0.101136
  461 -3.95 50.869 1095.02 840.691 4604.71 0.101738
  462 -3.85 50.596 -5119.14 9.07816 85.0977 0.101192
  463 -3.75 51.03 -2933.19 -2003.63 -3588.75 0.10206
  464 -3.65 50.601 -3224.69 2334.9 1988.74 0.101202
  465 -3.55 50.733 -5645.78 -4910.77 -3563.9 0.101466
  466 -3.45 50.568 1497.42 37.2222 3706.6 0.101136
  467 -3.35 50.832 -1972.77 -5291.21 -270.23 0.101664
  468 -3.25 50.821 7104.49 6923.36 2794.27 0.101642
  469 -3.15 50.368 905.576 2982.72 -1014.18 0.100736
  470 -3.05 50.807 -2933.03 2998.55 -5581.62 0.101614
  471 -2.95 51.088 754.197 3807.78 1904.11 0.102176
  472 -2.85 50.86 2080.33 796.804 1025.96 0.10172
  473 -2.75 50.66 -950.956 -3405.88 532.73 0.10132
  474 -2.65 50.405 -2901.35 974.847 -6099.86 0.10081
  475 -2.55 50.704 -2184.94 4540.84 282.341 0.101408
  476 -2.45 50.797 -230.863 -9.46186 65.5433 0.101594
  477 -2.35 50.366 2733.01 -2225.11 -90.581 0.100732
  478 -2.25 50.343 -307.865 -127.96 7300.09 0.100686
  479 -2.15 50.775 1058.63 2596.3 -1820.29 0.10155
  480 -2.05 50.657 740.363 -4688.25 889.255 0.101314
  481 -1.95 50.721 684.532 1201.39 880.122 0.101442
  482 -1.85 50.599 -3572.78 -2900.26 459.805 0.101198
  483 -1.75 50.713 -3253.93 -445.481 317.356 0.101426
  484 -1.65 51.033 6755.48 4766.65 -1542.14 0.102066
  485 -1.55 50.229 -381.65 9819.32 989.375 0.100458
  486 -1.45 50.333 6163.95 -4504.88 2612.92 0.100666
  487 -1.35 50.515 -625.969 -1693 -8847.42 0.10103
  488 -1.25 50.578 -2239.4 -3661.67 4109.36 0.101156
  489 -1.15 50.698 -67.0184 3008.02 -3086.6 0.101396
  490 -1.05 50.239 1287.24 -1735.46 1094.98 0.100478
  491 -0.95 50.444 3332.44 445.91 491.049 0.100888
  492 -0.85 50.401 -256.881 -1368.54 1403.58 0.100802
  493 -0.75 50.541 283.724 -2519.14 2855.13 0.101082
  494 -0.65 50.558 6237.3 -541.079 1253.99 0.101116
  495 -0.55 50.329 -4075.43 -1182.79 679.583 0.100658
  496 -0.45 50.38 5340.39 5116.07 469.137 0.10076
  497 -0.35 50.405 6510.47 3777.86 1446.66 0.10081
  498 -0.25 50.458 2279.69 -879.929 440.354 0.100916
  499 -0.15 50.408 913.227 -352.497 1616.63 0.100816
  500 -0.05 50.49 -4301.79 -4120.85 -6157.25 0.10098
  501 0.05 50.831 182.023 733.623 -1537.17 0.101662
  502 0.15 49.996 -799.194 6465.73 -1521.71 0.099992
  503 0.25 50.951 -4132.84 1994.48 5676.44 0.101902
  504 0.35 50.583 586.809 5112.04 399.513 0.101166
  505 0.45 50.203 1128.46 2353.5 -17.0623 0.100406
  506 0.55 50.903 747.722 -2214.83 -5583.07 0.101806
  507 0.65 50.51 -1618.67 -744.026 -1084.52 0.10102
  508 0.75 50.718 -1928.36 -399.43 140.385 0.101436
  509 0.85 50.248 -7215.56 -2239.4 -2283.16 0.100496
  510 0.95 50.482 -1589.41 -1239.68 2072.21 0.100964
  511 1.05 50.769 3694.09 2820.06 204.578 0.101538
  512 1.15 50.741 2332.31 -1112.85 -689.318 0.101482
  513 1.25 50.627 5536.03 461.43 -4552.12 0.101254
  514 1.35 50.692 3764.14 617.803 3171.08 0.101384
  515 1.45 50.683 3867.97 8347.37 4224.58 0.101366
  516 1.55 50.613 2118.18 5366.37 2728.18 0.101226
  517 1.65 50.924 -4038.39 -4099.81 268.004 0.101848
  518 1.75 50.865 1788.52 1997.62 -634.594 0.10173
  519 1.85 50.279 2971.56 -7340.09 -898.672 0.100558
  520 1.95 50.619 263.483 756.957 -2354.8 0.101238
  521 2.05 51.004 4074.49 379.598 1174.05 0.102008
  522 2.15 51.084 -673.028 -1309.13 -3370.55 0.102168
  523 2.25 50.433 -5892.6 -1915.01 -3314.4 0.100866
  524 2.35 50.64 -3841.18 -3943.37 1192.75 0.10128
  525 2.45 50.643 -3108.21 714.72 885.48 0.101286
  526 2.55 50.147 -351.028 -2896.16 1424.17 0.100294
  527 2.65 50.565 -68.497 -3942.13 -5081.38 0.10113
  528 2.75 50.288 2184.96 3152.07 3075.92 0.100576
  529 2.85 50.838 -1892.82 -675.376 7353.68 0.101676
  530 2.95 50.494 -1683.85 -2031.73 1131.9 0.100988
  531 3.05 50.952 -1911.63 -2122.73 -1894.41 0.101904
  532 3.15 50.508 -442.225 4465.7 3918.85 0.101016
  533 3.25 50.731 839.958 -3137.15 1531.29 0.101462
  534 3.35 50.77 3303.34 1742.87 3125.09 0.10154
  535 3.45 50.742 10124.3 1280.1 5064.66 0.101484
  536 3.55 50.973 -2370.9 6614.06 -3668.52 0.101946
  537 3.65 51.462 3743.61 1063.59 -807.074 0.102924
  538 3.75 51.354 5102.67 4789.29 -3120.3 0.102708
  539 3.85 50.761 -2804.62 -1720.13 1479.52 0.101522
  540 3.95 50.976 3872.17 -2187.75 807.942 0.101952
  541 4.05 50.836 1786.07 2142.87 -3334.8 0.101672
  542 4.15 51.045 -3807.48 -4788.97 -5895.73 0.10209
  543 4.25 50.999 55.2144 3358.48 514.683 0.101998
  544 4.35 50.591 1754.94 -1039.57 -3155.79 0.101182
  545 4.45 51.005 -6413.64 -8878.4 -5186.26 0.10201
  546 4.55 50.301 2557.33 2719.67 -5574.48 0.100602
  547 4.65 50.25 -1345.79 4239.27 -5117.44 0.1005
  548 4.75 49.917 -6046.42 -1887.11 -8026.07 0.099834
  549 4.85 49.964 -2299.19 -7080.7 841.533 0.099928
  550 4.95 49.769 -3465.36 2443.73 892.283 0.099538
  551 5.05 49.869 -1630.73 -4700.68 -130.865 0.099738
  552 5.15 49.52 -911.652 -2167.13 3270.93 0.09904
  553 5.25 49.489 3031.4 6678.34 9046.93 0.098978
  554 5.35 49.422 2697 459.863 4979.53 0.098844
  555 5.45 49.818 -101.099 3906.75 8761.75 0.099636
  556 5.55 49.66 -1145.3 2988.33 5537.7 0.09932
  557 5.65 50.102 3628.95 3429 10567.5 0.100204
  558 5.75 50.007 4715.94 87.4322 9823.87 0.100014
  559 5.85 50.223 -3971.39 -2019.39 2738.37 0.100446
  560 5.95 50.809 1260.11 -1702.75 4605.94 0.101618
  561 6.05 50.593 10442.6 4968.95 1188.26 0.101186
  562 6.15 50.788 -4189.85 -215.494 -1035.12 0.101576
  563 6.25 51.556 -4374.1 -949.342 762.823 0.103112
  564 6.35 51.824 -2591.48 924.417 -117.605 0.103648
  565 6.45 52.104 218.593 -2511.05 1849.05 0.104208
  566 6.55 52.032 -442.953 2517.81 -1103.47 0.104064
  567 6.65 52.232 1090.23 -382.334 -2904.43 0.104464
  568 6.75 52.439 -10116.6 -8088.3 -7320.65 0.104878
  569 6.85 52.373 3333.96 5856.94 -3547.64 0.104746
  570 6.95 52.461 -5535.88 -3895.54 -4967.74 0.104922
  571 7.05 52.187 3537.13 -3680.33 -2097.49 0.104374
  572 7.15 52.688 3778.39 -2247.11 -5984.96 0.105376
  573 7.25 52.385 7951.31 4495.23 -6084.18 0.10477
  574 7.35 52.146 719.515 2574.55 -8912.19 0.104292
  575 7.45 52.375 6105.9 5204.08 -4276.49 0.10475
  576 7.55 51.935 7349.53 2165.36 -4418.42 0.10387
  577 7.65 51.431 6665.2 7585.17 -8100.71 0.102862
  578 7.75 51.277 6139.49 5527.64 -1761.47 0.102554
  579 7.85 50.442 17792.6 6640.71 -2817.62 0.100884
  580 7.95 50.044 -3733.81 -2.59083 -9856.02 0.100088
  581 8.05 49.914 576.252 3807.4 -6399.16 0.099828
  582 8.15 48.873 3525.85 -3264.72 -7528.02 0.097746
  583 8.25 48.02 -14859.8 -9022.81 -9764.48 0.09604
  584 8.35 47.463 -9960.71 -6908.16 -15964.4 0.094926
  585 8.45 46.825 -10387.7 -9410.33 -4954.33 0.09365
  586 8.55 46.724 -17971.7 -15095.5 -5402.86 0.093448
  587 8.65 46.205 -21871.2 -19134.9 2086.8 0.09241
  588 8.75 46.037 -18759.8 -22747.2 10127.2 0.092074
  589 8.85 45.932 -15928.5 -19203 17734.2 0.091864
  590 8.95 46.059 -23208.3 -16510.3 26000 0.092118
  591 9.05 46.509 -22468.7 -19169.1 26288.1 0.093018
  592 9.15 46.768 -17497.6 -17002.4 33756.9 0.093536
  593 9.25 47.182 -17563.9 -12843.9 40666.2 0.094364
  594 9.35 48.079 -4659.1 -6720.1 44993.9 0.096158
  595 9.45 49.451 11952.5 8851.27 45187.9 0.098902
  596 9.55 50.819 15981.1 18962.3 51274.5 0.101638
  597 9.65 52.491 25570.5 28983.9 49813.4 0.104982
  598 9.75 54.599 37216.6 36058.8 42670 0.109198
  599 9.85 57.216 44057.6 42995.3 38070.8 0.114432
  600 9.95 59.064 38904.2 40145.5 29655.7 0.118128
  601 10.05 61.198 40067.4 37769.1 14396.8 0.122396
  602 10.15 62.997 32847.9 29157.1 -5012.45 0.125994
  603 10.25 65.037 24827.5 20830.1 -24593.5 0.130074
  604 10.35 66.5 5770.77 5900.55 -49252.6 0.133
  605 10.45 66.672 -1521.27 -5581.33 -70395.9 0.133344
  606 10.55 66.507 -21506.7 -22357.3 -89624.6 0.133014
  607 10.65 64.539 -40427 -34977.4 -110377 0.129078
  608 10.75 61.376 -48014.7 -47999.1 -126830 0.122752
  609 10.85 57.812 -53626.2 -49603.6 -126783 0.115624
  610 10.95 53.728 -57393.6 -55021.8 -115548 0.107456
  611 11.05 49.477 -52414.4 -51102.4 -100755 0.098954
  612 11.15 45.825 -47987.4 -46234.6 -68553.8 0.09165
  613 11.25 42.231 -22920.9 -24677.2 -19457.3 0.084462
  614 11.35 39.502 -8127.75 -14546.6 22016 0.079004
  615 11.45 37.722 -625.43 1951.47 71146.5 0.075444
  616 11.55 36.28 24009.4 20764.8 120268 0.07256
  617 11.65 35.047 36762.9 36443.1 161339 0.070094
  618 11.75 34.804 50092.3 50398.4 191277 0.069608
  619 11.85 34.499 60895.2 58682.8 221954 0.068998
  620 11.95 34.34 68122.1 67881.9 236769 0.06868
  621 12.05 34.846 59940.2 69878.4 252288 0.069692
  622 12.15 35.285 59727.2 60005.4 251083 0.07057
  623 12.25 35.918 47707.2 49952.8 237255 0.071836
  624 12.35 36.424 34146.4 38815.1 217973 0.072848
  625 12.45 38.121 3633.92 943.463 193278 0.076242
  626 12.55 40.697 -22943.2 -27658.2 155110 0.081394
  627 12.65 44.122 -59268.8 -60876.1 117032 0.088244
  628 12.75 50.425 -92701.7 -88256 80084.2 0.10085
  629 12.85 58.936 -110544 -106569 57891.1 0.117872
  630 12.95 70.456 -109383 -110983 27815.5 0.140912
  631 13.05 82.866 -92651.2 -93830.5 6418.85 0.165732
  632 13.15 95.301 -67933.8 -68978.4 -13815.1 0.190602
  633 13.25 105.927 -39365.4 -40342.3 -27405 0.211854
  634 13.35 113.988 1580.87 2166.97 -33359 0.227976
  635 13.45 116.816 27363.4 27350.4 -44720.2 0.233632
  636 13.55 115.881 42316.8 40748.3 -47355.1 0.231762
  637 13.65 110.566 47068.2 44170.5 -52631.2 0.221132
  638 13.75 100.7 41478.7 41324.8 -62071 0.2014
  639 13.85 88.417 31328.3 32807 -69188.1 0.176834
  640 13.95 74.922 21767 21441.7 -81004.6 0.149844
  641 14.05 60.165 11328.3 8053.42 -97225 0.12033
  642 14.15 46.402 -1333.85 1633.34 -113277 0.092804
  643 14.25 34.589 26330 22923.5 -127022 0.069178
  644 14.35 24.56 64121.6 61442 -133371 0.04912
  645 14.45 18.022 110202 110086 -124073 0.036044
  646 14.55 14.056 194109 192256 -95602.5 0.028112
  647 14.65 11.659 251627 245705 -60293.7 0.023318
  648 14.75 9.021 214153 216303 -77529.2 0.018042
  649 14.85 8.141 252880 257331 -53788.6 0.016282
  650 14.95 6.45 223617 222698 -73890.3 0.0129
  651 15.05 5.143 210053 221986 -70375.2 0.010286
  652 15.15 4.299 244840 254113 -34503.3 0.008598
  653 15.25 2.824 219975 206105 -71578.3 0.005648
  654 15.35 2.374 242876 262321 -33826.3 0.004748
  655 15.45 1.892 261335 232703 -31394.1 0.003784
  656 15.55 1.135 206060 160126 -53482 0.00227
  657 15.65 2.602 228801 308131 43478.6 0.005204
  658 15.75 4.918 682550 548558 341837 0.009836
  659 15.85 19.319 1.4468e+06 1.44785e+06 949024 0.038638
  660 15.95 52.981 1.59614e+06 1.59456e+06 1.04882e+06 0.105962
  661 16.05 92.91 1.63837e+06 1.6389e+06 1.07711e+06 0.18582
  662 16.15 107.307 1.63472e+06 1.63472e+06 1.07623e+06 0.214614
  663 16.25 74.874 1.62898e+06 1.62851e+06 1.07367e+06 0.149748
  664 16.35 26.829 1.63086e+06 1.63123e+06 1.07623e+06 0.053658
  665 16.45 13.251 1.26963e+06 1.27069e+06 837432 0.026502
  666 16.55 1.277 166503 165779 109168 0.002554
  667 16.65 1.644 78127.4 78980.8 53128.7 0.003288
  668 16.75 1.234 58820.8 53805.5 35923.5 0.002468
  669 16.85 1.662 79589.2 79938.3 53691.3 0.003324
  670 16.95 1.644 80323.9 79044.1 52812.2 0.003288
  671 17.05 1.249 69228.6 68601.5 65241 0.002498
  672 17.15 1.637 105641 106430 98538.8 0.003274
  673 17.25 0.847 -1438.12 994.806 0.639049 0.001694
  674 17.35 1.257 68927.8 68887 65094.7 0.002514
  675 17.45 0.801 2353.68 1332.3 -781.622 0.001602
  676 17.55 0.817 -1811.69 3362.1 -4344.99 0.001634
  677 17.65 1.166 73381.7 71203.4 69526.8 0.002332
  678 17.75 1.192 55337.5 55490 36362.9 0.002384
  679 17.85 1.176 72394.6 71366.3 70830.1 0.002352
  680 17.95 1.195 70888.6 69812.5 65951.2 0.00239
  681 18.05 0.777 3089.89 5370.14 4396.96 0.001554
  682 18.15 2.391 142323 142488 135103 0.004782
  683 18.25 4.791 712071 712008 677692 0.009582
  684 18.35 19.142 1.86753e+06 1.86749e+06 1.77326e+06 0.038284
  685 18.45 52.78 2.06044e+06 2.06147e+06 1.95844e+06 0.10556
  686 18.55 92.777 2.1081e+06 2.10745e+06 2.00104e+06 0.185554
  687 18.65 107.09 2.10554e+06 2.10583e+06 1.99858e+06 0.21418
  688 18.75 75.179 2.09526e+06 2.09503e+06 1.9848e+06 0.150358
  689 18.85 26.724 2.09804e+06 2.09781e+06 1.99154e+06 0.053448
  690 18.95 13.179 1.63395e+06 1.6342e+06 1.55103e+06 0.026358
  691 19.05 1.199 209518 212874 199047 0.002398
  692 19.15 1.555 110717 110181 102404 0.00311
  693 19.25 1.108 75358.5 78550.5 73654.2 0.002216
  694 19.35 1.511 113559 113438 107357 0.003022
  695 19.45 1.53 111212 112473 106742 0.00306
  696 19.55 1.082 79833 80935.2 76255.4 0.002164
  697 19.65 1.582 110952 109930 104750 0.003164
  698 19.75 0.704 -3251.67 -1980 2039.64 0.001408
  699 19.85 1.526 99866.1 100826 84964.5 0.003052
  700 19.95 0.697 3201.07 -2709.8 3867.58 0.001394
  701 20.05 0.7 4948.06 1539.82 -894.624 0.0014
  702 20.15 1.135 76578.4 74230 73459.3 0.00227
  703 20.25 1.111 78818.8 79374.3 74907.1 0.002222
  704 20.35 1.101 77786 78098 76212.7 0.002202
  705 20.45 1.074 79397.7 80083.8 79160.3 0.002148
  706 20.55 0.669 1971.9 -758.167 222.624 0.001338
  707 20.65 2.246 154036 153436 149861 0.004492
  708 20.75 4.638 724249 725634 707146 0.009276
  709 20.85 19.453 1.88639e+06 1.88569e+06 1.83538e+06 0.038906
  710 20.95 52.704 2.07972e+06 2.0812e+06 2.03254e+06 0.105408
  711 21.05 92.64 2.12751e+06 2.12776e+06 2.0773e+06 0.18528
  712 21.15 107.023 2.12472e+06 2.12413e+06 2.07422e+06 0.214046
  713 21.25 75.043 2.11925e+06 2.1194e+06 2.06935e+06 0.150086
  714 21.35 26.633 2.11768e+06 2.11704e+06 2.06809e+06 0.053266
  715 21.45 12.991 1.66143e+06 1.66064e+06 1.61976e+06 0.025982
  716 21.55 1.031 215391 217261 209286 0.002062
  717 21.65 1.409 121485 121441 120065 0.002818
  718 21.75 1.014 82952.9 84555.7 79352.9 0.002028
  719 21.85 1.821 131423 132971 115933 0.003642
  720 21.95 1.441 120588 118151 116691 0.002882
  721 22.05 1.017 83871 84194.4 79946.9 0.002034
  722 22.15 1.408 119737 120886 109146 0.002816
  723 22.25 0.565 -993.279 -5392.24 -2322.2 0.00113
  724 22.35 1.397 120346 121803 113967 0.002794
  725 22.45 0.63 7054.56 1158.94 -777.119 0.00126
  726 22.55 0.597 -955.015 -4548.18 5973.44 0.001194
  727 22.65 0.989 85730.4 84396.4 78157.2 0.001978
  728 22.75 1 87044.7 90142.1 84543.2 0.002
  729 22.85 1.387 107502 107125 86495.8 0.002774
  730 22.95 0.958 88320.5 89808.8 80565.7 0.001916
  731 23.05 0.48 -1292.41 -2381.51 -1485.92 0.00096
  732 23.15 2.12 158094 159935 147432 0.00424
  733 23.25 4.555 724973 723223 667412 0.00911
  734 23.35 19.293 1.87233e+06 1.8722e+06 1.72595e+06 0.038586
  735 23.45 52.54 2.06168e+06 2.06122e+06 1.89922e+06 0.10508
  736 23.55 92.506 2.09831e+06 2.09847e+06 1.93485e+06 0.185012
  737 23.65 106.889 2.09625e+06 2.09634e+06 1.93183e+06 0.213778
  738 23.75 75.269 2.09234e+06 2.09262e+06 1.92584e+06 0.150538
  739 23.85 26.416 2.09488e+06 2.09411e+06 1.93056e+06 0.052832
  740 23.95 12.823 1.64856e+06 1.64811e+06 1.51766e+06 0.025646
  741 24.05 0.808 206583 207778 194819 0.001616
  742 24.15 1.219 138612 138428 127068 0.002438
  743 24.25 0.799 105000 107462 96610 0.001598
  744 24.35 1.613 156343 158179 146111 0.003226
  745 24.45 1.196 138494 139095 129660 0.002392
  746 24.55 1.191 109252 109971 71842.5 0.002382
  747 24.65 1.165 111203 111240 73090 0.00233
  748 24.75 0.346 -3098.81 -2477.17 5057.13 0.000692
  749 24.85 1.151 130903 129922 110146 0.002302
  750 24.95 0.335 13481.9 9426.2 -2219.26 0.00067
  751 25.05 0.369 4099.67 3648.55 -1086.81 0.000738
  752 25.15 1.083 122170 123225 78922.4 0.002166
  753 25.25 0.701 117882 121217 112253 0.001402
  754 25.35 1.12 134473 133090 110999 0.00224
  755 25.45 0.691 95798.9 93552.5 63503.6 0.001382
  756 25.55 0.255 1784.01 1617.11 224.652 0.00051
  757 25.65 2.27 142382 141688 95804.4 0.00454
  758 25.75 4.256 576049 576937 390897 0.008512
  759 25.85 19.074 1.43084e+06 1.43135e+06 974713 0.038148
  760 25.95 52.278 1.57329e+06 1.57414e+06 1.06222e+06 0.104556
  761 26.05 92.267 1.59129e+06 1.59127e+06 1.07432e+06 0.184534
  762 26.15 106.7 1.58921e+06 1.58911e+06 1.07234e+06 0.2134
  763 26.25 75.514 1.5968e+06 1.59683e+06 1.08525e+06 0.151028
  764 26.35 26.285 1.58733e+06 1.58725e+06 1.07082e+06 0.05257
  765 26.45 12.715 1.25235e+06 1.25264e+06 844068 0.02543
  766 26.55 0.688 156399 159265 109079 0.001376
  767 26.65 1.063 119578 116981 80378.4 0.002126
  768 26.75 0.662 98856.1 97549.9 66298.5 0.001324
  769 26.85 1.462 146725 146247 115029 0.002924
  770 26.95 1.015 125318 126317 85876.3 0.00203
  771 27.05 0.616 139780 137426 128628 0.001232
  772 27.15 0.187 -953.462 -2208.27 2194.15 0.000374
  773 27.25 0.212 7425.51 8872.71 -290.895 0.000424
  774 27.35 0.999 151675 154360 121340 0.001998
  775 27.45 0.193 2564.67 10008.3 1549.03 0.000386
  776 27.55 0.193 -637.573 2437.63 5173.81 0.000386
  777 27.65 0.588 145598 141777 138595 0.001176
  778 27.75 0.608 105653 106638 71904.3 0.001216
  779 27.85 0.605 139941 142629 139323 0.00121
  780 27.95 0.198 -2275.65 3946.28 3013.11 0.000396
  781 28.05 0.22 1022.37 1322.32 276.54 0.00044
  782 28.15 0.606 143581 139781 134173 0.001212
  783 28.25 0.231 5809.28 1584.49 3335.28 0.000462
  784 28.35 0.628 130569 132691 122602 0.001256
  785 28.45 0.213 10377.9 7079.9 -9308.07 0.000426
  786 28.55 0.23 5015.82 5603.68 -4814.54 0.00046
  787 28.65 0.23 3852.54 4359.87 -7748.45 0.00046
  788 28.75 1.398 168313 167632 147765 0.002796
  789 28.85 0.173 -4921.11 4180 -2900.53 0.000346
  790 28.95 0.176 10392 3652.85 4698.08 0.000352
  791 29.05 0.552 119490 118159 76556.5 0.001104
  792 29.15 0.18 -834.914 2677.37 -3502.29 0.00036
  793 29.25 0.178 1488.66 10430.7 1945.7 0.000356
  794 29.35 0.562 152329 152367 140814 0.001124
  795 29.45 0.169 564.675 7384.14 5328.15 0.000338
  796 29.55 0.54 158907 158976 155040 0.00108
  797 29.65 0.129 -7880.77 -4082.25 2655.69 0.000258
  798 29.75 0.139 -2461.11 -11064.4 4102.92 0.000278
  799 29.85 0.941 158660 158622 131688 0.001882
  800 29.95 0.138 4480.56 6724.38 5042.13 0.000276
  801 30.05 0.142 5226.56 13376.1 5915.36 0.000284
  802 30.15 0.54 159832 161195 156647 0.00108
  803 30.25 0.164 -4683.26 -8239.6 6085.55 0.000328
  804 30.35 0.55 153022 153637 142916 0.0011
  805 30.45 0.161 -4173.05 -9098.28 -1600.93 0.000322
  806 30.55 0.161 4275.33 10675.1 -1229.79 0.000322
  807 30.65 0.526 163090 163356 158170 0.001052
  808 30.75 0.174 1045.67 -920.821 -3301.56 0.000348
  809 30.85 0.554 116288 113885 78826.2 0.001108
  810 30.95 0.175 -1595.98 -5411.05 -3814.76 0.00035
  811 31.05 0.149 10700 6326.9 7682.53 0.000298
  812 31.15 0.541 119718 123160 79364.4 0.001082
  813 31.25 0.926 186294 184444 174904 0.001852
  814 31.35 0.118 952.103 -588.019 4585.24 0.000236
  815 31.45 0.106 -2776.12 -58.1668 -16197.6 0.000212
  816 31.55 0.501 171426 173865 159270 0.001002
  817 31.65 0.118 -12016.9 7106.97 4912.59 0.000236
  818 31.75 0.102 10705.7 9495.22 3760.41 0.000204
  819 31.85 0.493 128613 128564 86304.7 0.000986
  820 31.95 0.089 2151.79 -432.145 8018.03 0.000178
  821 32.05 0.495 170842 170618 157935 0.00099
  822 32.15 0.099 5417.03 -6343.59 -1893.46 0.000198
  823 32.25 0.089 -3111.26 -3372.12 10348.8 0.000178
  824 32.35 0.494 175718 175598 171415 0.000988
  825 32.45 0.103 -4272.54 -6376.73 2379.03 0.000206
  826 32.55 0.088 11803.2 8086.09 4593.99 0.000176
  827 32.65 0.509 164096 164427 153089 0.001018
  828 32.75 0.104 -3925.54 5597.45 1882.21 0.000208
  829 32.85 0.487 131613 135312 87520.3 0.000974
  830 32.95 0.091 14711.5 13161.4 -4297.51 0.000182
  831 33.05 0.086 7238.65 678.849 7991.1 0.000172
  832 33.15 0.483 173731 174989 160824 0.000966
  833 33.25 0.077 -4493.16 -1622.35 -2535.01 0.000154
  834 33.35 0.07 3202.24 -11201.9 3622.74 0.00014
  835 33.45 0.468 141383 141217 91501 0.000936
  836 33.55 0.068 9845.56 -7837.96 646.896 0.000136
  837 33.65 0.463 183937 183176 170643 0.000926
  838 33.75 0.858 173162 173031 141013 0.001716
  839 33.85 0.059 4432.16 -690.707 6940.88 0.000118
  840 33.95 0.044 10698.4 14075.3 -8716.07 8.8e-05
  841 34.05 0.451 191089 190831 184501 0.000902
  842 34.15 0.045 -21300.1 10556.3 4710.81 9e-05
  843 34.25 0.043 -16903.6 -3037.86 6121.49 8.6e-05
  844 34.35 0.06 -808.129 4004.2 -6058.69 0.00012
  845 34.45 0.066 -14631.3 6209.02 -8449.36 0.000132
  846 34.55 0.455 142698 142694 94333.5 0.00091
  847 34.65 0.037 18441.6 -2070.53 -7582.24 7.4e-05
  848 34.75 0.045 -2860.3 -6142.48 12835.4 9e-05
  849 34.85 0.443 191525 191144 175535 0.000886
  850 34.95 0.041 11936.9 8866.34 149.392 8.2e-05
  851 35.05 0.03 13781 12189.4 -2202.39 6e-05
  852 35.15 0.427 149913 148309 101423 0.000854
  853 35.25 0.018 -12241.5 -13950.2 3166.52 3.6e-05
  854 35.35 0.022 6934.61 27432.5 -7561.49 4.4e-05
  855 35.45 0.026 -13705.9 -16734.4 -7563.37 5.2e-05
  856 35.55 0.421 155272 154799 103389 0.000842
  857 35.65 0.415 154654 155022 103516 0.00083
  858 35.75 0.017 23298.9 12832.9 -9369.95 3.4e-05
  859 35.85 0.021 -738.886 -17472 -15893.2 4.2e-05
  860 35.95 0.418 203661 203061 188125 0.000836
  861 36.05 0.012 21350.8 9851.52 -30746.1 2.4e-05
  862 36.15 0.409 210585 210274 202096 0.000818
  863 36.25 0.405 157933 158142 106197 0.00081
  864 36.35 0.006 24928.7 33599.6 -1809.24 1.2e-05
  865 36.45 0.005 -16992.2 -3940.05 -657.084 1e-05
  866 36.55 0.406 208067 208426 190198 0.000812
  867 36.65 0 0 0 0 0
  868 36.75 0.003 18696.6 38632.8 1186.07 6e-06
  869 36.85 0.002 -8446.22 25668.1 25817.9 4e-06
  870 36.95 0.002 41382.5 8719.85 -9830.68 4e-06
  871 37.05 0 0 0 0 0
  872 37.15 0.001 27832.3 -18963.9 -11719.2 2e-06
  873 37.25 0.401 162420 162088 110085 0.000802
  874 37.35 0.4 159782 159782 106862 0.0008
  875 37.45 0.001 -1370.69 1642.91 -15538.6 2e-06
  876 37.55 0 0 0 0 0
  877 37.65 0 0 0 0 0
  878 37.75 0 0 0 0 0
  879 37.85 0 0 0 0 0
  880 37.95 0 0 0 0 0
  881 38.05 0.4 212164 212164 196625 0.0008
  882 38.15 0 0 0 0 0
  883 38.25 0 0 0 0 0
  884 38.35 0.4 161350 161492 111060 0.0008
  885 38.45 0.4 214608 214608 206684 0.0008
  886 38.55 0 0 0 0 0
  887 38.65 0.4 211416 211415 192389 0.0008
  888 38.75 0 0 0 0 0
  889 38.85 0 0 0 0 0
  890 38.95 0 0 0 0 0
  891 39.05 0.4 159782 159782 106090 0.0008
  892 39.15 0 0 0 0 0
  893 39.25 0 0 0 0 0
  894 39.35 0 0 0 0 0
  895 39.45 0 0 0 0 0
  896 39.55 0 0 0 0 0
  897 39.65 0 0 0 0 0
  898 39.75 0.4 211942 211942 196289 0.0008
  899 39.85 0 0 0 0 0
  900 39.95 0 0 0 0 0
  901 40.05 0 0 0 0 0
  902 40.15 0 0 0 0 0
  903 40.25 0 0 0 0 0
  904 40.35 0 0 0 0 0
  905 40.45 0 0 0 0 0
  906 40.55 0.4 214577 214578 207285 0.0008
  907 40.65 0 0 0 0 0
  908 40.75 0 0 0 0 0
  909 40.85 0.4 211704 211704 195891 0.0008
  910 40.95 0.4 211413 211413 192412 0.0008
  911 41.05 0 0 0 0 0
  912 41.15 0.4 159782 159782 105411 0.0008
  913 41.25 0 0 0 0 0
  914 41.35 0 0 0 0 0
  915 41.45 0 0 0 0 0
  916 41.55 0 0 0 0 0
  917 41.65 0 0 0 0 0
  918 41.75 0 0 0 0 0
  919 41.85 0 0 0 0 0
  920 41.95 0 0 0 0 0
  921 42.05 0 0 0 0 0
  922 42.15 0 0 0 0 0
  923 42.25 0.4 214545 214545 207748 0.0008
  924 42.35 0 0 0 0 0
  925 42.45 0 0 0 0 0
  926 42.55 0 0 0 0 0
  927 42.65 0 0 0 0 0
  928 42.75 0 0 0 0 0
  929 42.85 0 0 0 0 0
  930 42.95 0 0 0 0 0
  931 43.05 0.4 211410 211410 193160 0.0008
  932 43.15 0 0 0 0 0
  933 43.25 0 0 0 0 0
  934 43.35 0.4 214511 214511 208198 0.0008
  935 43.45 0.4 159782 159782 105463 0.0008
  936 43.55 0 0 0 0 0
  937 43.65 0 0 0 0 0
  938 43.75 0 0 0 0 0
  939 43.85 0 0 0 0 0
  940 43.95 0 0 0 0 0
  941 44.05 0 0 0 0 0
  942 44.15 0 0 0 0 0
  943 44.25 0 0 0 0 0
  944 44.35 0 0 0 0 0
  945 44.45 0 0 0 0 0
  946 44.55 0 0 0 0 0
  947 44.65 0 0 0 0 0
  948 44.75 0.4 211407 211407 193772 0.0008
  949 44.85 0 0 0 0 0
  950 44.95 0 0 0 0 0
  951 45.05 0 0 0 0 0
  952 45.15 0 0 0 0 0
  953 45.25 0 0 0 0 0
  954 45.35 0 0 0 0 0
  955 45.45 0 0 0 0 0
  956 45.55 0.4 159782 159782 106248 0.0008
  957 45.65 0 0 0 0 0
  958 45.75 0 0 0 0 0
  959 45.85 0.4 211404 211404 194389 0.0008
  960 45.95 0 0 0 0 0
  961 46.05 0 0 0 0 0
  962 46.15 0 0 0 0 0
  963 46.25 0 0 0 0 0
  964 46.35 0 0 0 0 0
  965 46.45 0 0 0 0 0
  966 46.55 0 0 0 0 0
  967 46.65 0 0 0 0 0
  968 46.75 0 0 0 0 0
  969 46.85 0 0 0 0 0
  970 46.95 0 0 0 0 0
  971 47.05 0 0 0 0 0
  972 47.15 0 0 0 0 0
  973 47.25 0.4 159782 159782 106898 0.0008
  974 47.35 0 0 0 0 0
  975 47.45 0 0 0 0 0
  976 47.55 0 0 0 0 0
  977 47.65 0 0 0 0 0
  978 47.75 0 0 0 0 0
  979 47.85 0 0 0 0 0
  980 47.95 0 0 0 0 0
  981 48.05 0 0 0 0 0
  982 48.15 0 0 0 0 0
  983 48.25 0 0 0 0 0
  984 48.35 0.4 159782 159782 107556 0.0008
  985 48.45 0 0 0 0 0
  986 48.55 0 0 0 0 0
  987 48.65 0 0 0 0 0
  988 48.75 0 0 0 0 0
  989 48.85 0 0 0 0 0
  990 48.95 0 0 0 0 0
  991 49.05 0 0 0 0 0
  992 49.15 0 0 0 0 0
  993 49.25 0 0 0 0 0
  994 49.35 0 0 0 0 0
  995 49.45 0 0 0 0 0
  996 49.55 0 0 0 0 0
  997 49.65 0 0 0 0 0
  998 49.75 0 0 0 0 0
  999 49.85 0 0 0 0 0
  1000 49.95 0 0 0 0 0
  1001 50.05 0 0 0 0 0
  1002 50.15 0 0 0 0 0
  1003 50.25 0 0 0 0 0
  1004 50.35 0 0 0 0 0
  1005 50.45 0 0 0 0 0
  1006 50.55 0 0 0 0 0
  1007 50.65 0 0 0 0 0
  1008 50.75 0 0 0 0 0
  1009 50.85 0 0 0 0 0
  1010 50.95 0 0 0 0 0
  1011 51.05 0 0 0 0 0
  1012 51.15 0 0 0 0 0
  1013 51.25 0 0 0 0 0
  1014 51.35 0 0 0 0 0
  1015 51.45 0 0 0 0 0
  1016 51.55 0 0 0 0 0
  1017 51.65 0 0 0 0 0
  1018 51.75 0 0 0 0 0
  1019 51.85 0 0 0 0 0
  1020 51.95 0 0 0 0 0
  1021 52.05 0 0 0 0 0
  1022 52.15 0 0 0 0 0
  1023 52.25 0 0 0 0 0
  1024 52.35 0 0 0 0 0
  1025 52.45 0 0 0 0 0
  1026 52.55 0 0 0 0 0
  1027 52.65 0 0 0 0 0
  1028 52.75 0 0 0 0 0
  1029 52.85 0 0 0 0 0
  1030 52.95 0 0 0 0 0
  1031 53.05 0 0 0 0 0
  1032 53.15 0 0 0 0 0
  1033 53.25 0 0 0 0 0
  1034 53.35 0 0 0 0 0
  1035 53.45 0 0 0 0 0
  1036 53.55 0 0 0 0 0
  1037 53.65 0 0 0 0 0
  1038 53.75 0 0 0 0 0
  1039 53.85 0 0 0 0 0
  1040 53.95 0 0 0 0 0
  1041 54.05 0 0 0 0 0
  1042 54.15 0 0 0 0 0
  1043 54.25 0 0 0 0 0
  1044 54.35 0 0 0 0 0
  1045 54.45 0 0 0 0 0
  1046 54.55 0 0 0 0 0
  1047 54.65 0 0 0 0 0
  1048 54.75 0 0 0 0 0
  1049 54.85 0 0 0 0 0
  1050 54.95 0 0 0 0 0
  1051 55.05 0 0 0 0 0
  1052 55.15 0 0 0 0 0
  1053 55.25 0 0 0 0 0
  1054 55.35 0 0 0 0 0
  1055 55.45 0 0 0 0 0
  1056 55.55 0 0 0 0 0
  1057 55.65 0 0 0 0 0
  1058 55.75 0 0 0 0 0
  1059 55.85 0 0 0 0 0
  1060 55.95 0 0 0 0 0
  1061 56.05 0 0 0 0 0
  1062 56.15 0 0 0 0 0
  1063 56.25 0 0 0 0 0
  1064 56.35 0 0 0 0 0
  1065 56.45 0 0 0 0 0
  1066 56.55 0 0 0 0 0
  1067 56.65 0 0 0 0 0
  1068 56.75 0 0 0 0 0
  1069 56.85 0 0 0 0 0
  1070 56.95 0 0 0 0 0
  1071 57.05 0 0 0 0 0
  1072 57.15 0 0 0 0 0
  1073 57.25 0 0 0 0 0
  1074 57.35 0 0 0 0 0
  1075 57.45 0 0 0 0 0
  1076 57.55 0 0 0 0 0
  1077 57.65 0 0 0 0 0
  1078 57.75 0 0 0 0 0
  1079 57.85 0 0 0 0 0
  1080 57.95 0 0 0 0 0
  1081 58.05 0 0 0 0 0
  1082 58.15 0 0 0 0 0
  1083 58.25 0 0 0 0 0
  1084 58.35 0 0 0 0 0
  1085 58.45 0 0 0 0 0
  1086 58.55 0 0 0 0 0
  1087 58.65 0 0 0 0 0
  1088 58.75 0 0 0 0 0
  1089 58.85 0 0 0 0 0
  1090 58.95 0 0 0 0 0
  1091 59.05 0 0 0 0 0
  1092 59.15 0 0 0 0 0
  1093 59.25 0 0 0 0 0
  1094 59.35 0 0 0 0 0
  1095 59.45 0 0 0 0 0
  1096 59.55 0 0 0 0 0
  1097 59.65 0 0 0 0 0
  1098 59.75 0 0 0 0 0
  1099 59.85 0 0 0 0 0
  1100 59.95 0 0 0 0 0
  1101 60.05 0 0 0 0 0
  1102 60.15 0 0 0 0 0
  1103 60.25 0 0 0 0 0
  1104 60.35 0 0 0 0 0
  1105 60.45 0 0 0 0 0
  1106 60.55 0 0 0 0 0
  1107 60.65 0 0 0 0 0
  1108 60.75 0 0 0 0 0
  1109 60.85 0 0 0 0 0
  1110 60.95 0 0 0 0 0
  1111 61.05 0 0 0 0 0
  1112 61.15 0 0 0 0 0
  1113 61.25 0 0 0 0 0
  1114 61.35 0 0 0 0 0
  1115 61.45 0 0 0 0 0
  1116 61.55 0 0 0 0 0
  1117 61.65 0 0 0 0 0
  1118 61.75 0 0 0 0 0
  1119 61.85 0 0 0 0 0
  1120 61.95 0 0 0 0 0
  1121 62.05 0 0 0 0 0
  1122 62.15 0 0 0 0 0
  1123 62.25 0 0 0 0 0
  1124 62.35 0 0 0 0 0
  1125 62.45 0 0 0 0 0
  1126 62.55 0 0 0 0 0
  1127 62.65 0 0 0 0 0
  1128 62.75 0 0 0 0 0
  1129 62.85 0 0 0 0 0
  1130 62.95 0 0 0 0 0
  1131 63.05 0 0 0 0 0
  1132 63.15 0 0 0 0 0
  1133 63.25 0 0 0 0 0
  1134 63.35 0 0 0 0 0
  1135 63.45 0 0 0 0 0
  1136 63.55 0 0 0 0 0
  1137 63.65 0 0 0 0 0
  1138 63.75 0 0 0 0 0
  1139 63.85 0 0 0 0 0
  1140 63.95 0 0 0 0 0
  1141 64.05 0 0 0 0 0
  1142 64.15 0 0 0 0 0
  1143 64.25 0 0 0 0 0
  1144 64.35 0 0 0 0 0
  1145 64.45 0 0 0 0 0
  1146 64.55 0 0 0 0 0
  1147 64.65 0 0 0 0 0
  1148 64.75 0 0 0 0 0
  1149 64.85 0 0 0 0 0
  1150 64.95 0 0 0 0 0
  1151 65.05 0 0 0 0 0
  1152 65.15 0 0 0 0 0
  1153 65.25 0 0 0 0 0
  1154 65.35 0 0 0 0 0
  1155 65.45 0 0 0 0 0
  1156 65.55 0 0 0 0 0
  1157 65.65 0 0 0 0 0
  1158 65.75 0 0 0 0 0
  1159 65.85 0 0 0 0 0
  1160 65.95 0 0 0 0 0
  1161 66.05 0 0 0 0 0
  1162 66.15 0 0 0 0 0
  1163 66.25 0 0 0 0 0
  1164 66.35 0 0 0 0 0
  1165 66.45 0 0 0 0 0
  1166 66.55 0 0 0 0 0
  1167 66.65 0 0 0 0 0
  1168 66.75 0 0 0 0 0
  1169 66.85 0 0 0 0 0
  1170 66.95 0 0 0 0 0
  1171 67.05 0 0 0 0 0
  1172 67.15 0 0 0 0 0
  1173 67.25 0 0 0 0 0
  1174 67.35 0 0 0 0 0
  1175 67.45 0 0 0 0 0
  1176 67.55 0 0 0 0 0
  1177 67.65 0 0 0 0 0
  1178 67.75 0 0 0 0 0
  1179 67.85 0 0 0 0 0
  1180 67.95 0 0 0 0 0
  1181 68.05 0 0 0 0 0
  1182 68.15 0 0 0 0 0
  1183 68.25 0 0 0 0 0
  1184 68.35 0 0 0 0 0
  1185 68.45 0 0 0 0 0
  1186 68.55 0 0 0 0 0
  1187 68.65 0 0 0 0 0
  1188 68.75 0 0 0 0 0
  1189 68.85 0 0 0 0 0
  1190 68.95 0 0 0 0 0
  1191 69.05 0 0 0 0 0
  1192 69.15 0 0 0 0 0
  1193 69.25 0 0 0 0 0
  1194 69.35 0 0 0 0 0
  1195 69.45 0 0 0 0 0
  1196 69.55 0 0 0 0 0
  1197 69.65 0 0 0 0 0
  1198 69.75 0 0 0 0 0
  1199 69.85 0 0 0 0 0
  1200 69.95 0 0 0 0 0
  1201 70.05 0 0 0 0 0
  1202 70.15 0 0 0 0 0
  1203 70.25 0 0 0 0 0
  1204 70.35 0 0 0 0 0
  1205 70.45 0 0 0 0 0
  1206 70.55 0 0 0 0 0
  1207 70.65 0 0 0 0 0
  1208 70.75 0 0 0 0 0
  1209 70.85 0 0 0 0 0
  1210 70.95 0 0 0 0 0
  1211 71.05 0 0 0 0 0
  1212 71.15 0 0 0 0 0
  1213 71.25 0 0 0 0 0
  1214 71.35 0 0 0 0 0
  1215 71.45 0 0 0 0 0
  1216 71.55 0 0 0 0 0
  1217 71.65 0 0 0 0 0
  1218 71.75 0 0 0 0 0
  1219 71.85 0 0 0 0 0
  1220 71.95 0 0 0 0 0
  1221 72.05 0 0 0 0 0
  1222 72.15 0 0 0 0 0
  1223 72.25 0 0 0 0 0
  1224 72.35 0 0 0 0 0
  1225 72.45 0 0 0 0 0
  1226 72.55 0 0 0 0 0
  1227 72.65 0 0 0 0 0
  1228 72.75 0 0 0 0 0
  1229 72.85 0 0 0 0 0
  1230 72.95 0 0 0 0 0
  1231 73.05 0 0 0 0 0
  1232 73.15 0 0 0 0 0
  1233 73.25 0 0 0 0 0
  1234 73.35 0 0 0 0 0
  1235 73.45 0 0 0 0 0
  1236 73.55 0 0 0 0 0
  1237 73.65 0 0 0 0 0
  1238 73.75 0 0 0 0 0
  1239 73.85 0 0 0 0 0
  1240 73.95 0 0 0 0 0
  1241 74.05 0 0 0 0 0
  1242 74.15 0 0 0 0 0
  1243 74.25 0 0 0 0 0
  1244 74.35 0 0 0 0 0
  1245 74.45 0 0 0 0 0
  1246 74.55 0 0 0 0 0
  1247 74.65 0 0 0 0 0
  1248 74.75 0 0 0 0 0
  1249 74.85 0 0 0 0 0
  1250 74.95 0 0 0 0 0
  1251 75.05 0 0 0 0 0
  1252 75.15 0 0 0 0 0
  1253 75.25 0 0 0 0 0
  1254 75.35 0 0 0 0 0
  1255 75.45 0 0 0 0 0
  1256 75.55 0 0 0 0 0
  1257 75.65 0 0 0 0 0
  1258 75.75 0 0 0 0 0
  1259 75.85 0 0 0 0 0
  1260 75.95 0 0 0 0 0
  1261 76.05 0 0 0 0 0
  1262 76.15 0 0 0 0 0
  1263 76.25 0 0 0 0 0
  1264 76.35 0 0 0 0 0
  1265 76.45 0 0 0 0 0
  1266 76.55 0 0 0 0 0
  1267 76.65 0 0 0 0 0
  1268 76.75 0 0 0 0 0
  1269 76.85 0 0 0 0 0
  1270 76.95 0 0 0 0 0
  1271 77.05 0 0 0 0 0
  1272 77.15 0 0 0 0 0
  1273 77.25 0 0 0 0 0
  1274 77.35 0 0 0 0 0
  1275 77.45 0 0 0 0 0
  1276 77.55 0 0 0 0 0
  1277 77.65 0 0 0 0 0
  1278 77.75 0 0 0 0 0
  1279 77.85 0 0 0 0 0
  1280 77.95 0 0 0 0 0
  1281 78.05 0 0 0 0 0
  1282 78.15 0 0 0 0 0
  1283 78.25 0 0 0 0 0
  1284 78.35 0 0 0 0 0
  1285 78.45 0 0 0 0 0
  1286 78.55 0 0 0 0 0
  1287 78.65 0 0 0 0 0
  1288 78.75 0 0 0 0 0
  1289 78.85 0 0 0 0 0
  1290 78.95 0 0 0 0 0
  1291 79.05 0 0 0 0 0
  1292 79.15 0 0 0 0 0
  1293 79.25 0 0 0 0 0
  1294 79.35 0 0 0 0 0
  1295 79.45 0 0 0 0 0
  1296 79.55 0 0 0 0 0
  1297 79.65 0 0 0 0 0
  1298 79.75 0 0 0 0 0
  1299 79.85 0 0 0 0 0
  1300 79.95 0 0 0 0 0
  1301 80.05 0 0 0 0 0
  1302 80.15 0 0 0 0 0
  1303 80.25 0 0 0 0 0
  1304 80.35 0 0 0 0 0
  1305 80.45 0 0 0 0 0
  1306 80.55 0 0 0 0 0
  1307 80.65 0 0 0 0 0
  1308 80.75 0 0 0 0 0
  1309 80.85 0 0 0 0 0
  1310 80.95 0 0 0 0 0
  1311 81.05 0 0 0 0 0
  1312 81.15 0 0 0 0 0
  1313 81.25 0 0 0 0 0
  1314 81.35 0 0 0 0 0
  1315 81.45 0 0 0 0 0
  1316 81.55 0 0 0 0 0
  1317 81.65 0 0 0 0 0
  1318 81.75 0 0 0 0 0
  1319 81.85 0 0 0 0 0
  1320 81.95 0 0 0 0 0
  1321 82.05 0 0 0 0 0
  1322 82.15 0 0 0 0 0
  1323 82.25 0 0 0 0 0
  1324 82.35 0 0 0 0 0
  1325 82.45 0 0 0 0 0
  1326 82.55 0 0 0 0 0
  1327 82.65 0 0 0 0 0
  1328 82.75 0 0 0 0 0
  1329 82.85 0 0 0 0 0
  1330 82.95 0 0 0 0 0
  1331 83.05 0 0 0 0 0
  1332 83.15 0 0 0 0 0
  1333 83.25 0 0 0 0 0
  1334 83.35 0 0 0 0 0
  1335 83.45 0 0 0 0 0
  1336 83.55 0 0 0 0 0
  1337 83.65 0 0 0 0 0
  1338 83.75 0 0 0 0 0
  1339 83.85 0 0 0 0 0
  1340 83.95 0 0 0 0 0
  1341 84.05 0 0 0 0 0
  1342 84.15 0 0 0 0 0
  1343 84.25 0 0 0 0 0
  1344 84.35 0 0 0 0 0
  1345 84.45 0 0 0 0 0
  1346 84.55 0 0 0 0 0
  1347 84.65 0 0 0 0 0
  1348 84.75 0 0 0 0 0
  1349 84.85 0 0 0 0 0
  1350 84.95 0 0 0 0 0
  1351 85.05 0 0 0 0 0
  1352 85.15 0 0 0 0 0
  1353 85.25 0 0 0 0 0
  1354 85.35 0 0 0 0 0
  1355 85.45 0 0 0 0 0
  1356 85.55 0 0 0 0 0
  1357 85.65 0 0 0 0 0
  1358 85.75 0 0 0 0 0
  1359 85.85 0 0 0 0 0
  1360 85.95 0 0 0 0 0
  1361 86.05 0 0 0 0 0
  1362 86.15 0 0 0 0 0
  1363 86.25 0 0 0 0 0
  1364 86.35 0 0 0 0 0
  1365 86.45 0 0 0 0 0
  1366 86.55 0 0 0 0 0
  1367 86.65 0 0 0 0 0
  1368 86.75 0 0 0 0 0
  1369 86.85 0 0 0 0 0
  1370 86.95 0 0 0 0 0
  1371 87.05 0 0 0 0 0
  1372 87.15 0 0 0 0 0
  1373 87.25 0 0 0 0 0
  1374 87.35 0 0 0 0 0
  1375 87.45 0 0 0 0 0
  1376 87.55 0 0 0 0 0
  1377 87.65 0 0 0 0 0
  1378 87.75 0 0 0 0 0
  1379 87.85 0 0 0 0 0
  1380 87.95 0 0 0 0 0
  1381 88.05 0 0 0 0 0
  1382 88.15 0 0 0 0 0
  1383 88.25 0 0 0 0 0
  1384 88.35 0 0 0 0 0
  1385 88.45 0 0 0 0 0
  1386 88.55 0 0 0 0 0
  1387 88.65 0 0 0 0 0
  1388 88.75 0 0 0 0 0
  1389 88.85 0 0 0 0 0
  1390 88.95 0 0 0 0 0
  1391 89.05 0 0 0 0 0
  1392 89.15 0 0 0 0 0
  1393 89.25 0 0 0 0 0
  1394 89.35 0 0 0 0 0
  1395 89.45 0 0 0 0 0
  1396 89.55 0 0 0 0 0
  1397 89.65 0 0 0 0 0
  1398 89.75 0 0 0 0 0
  1399 89.85 0 0 0 0 0
  1400 89.95 0 0 0 0 0
  1401 90.05 0 0 0 0 0
  1402 90.15 0 0 0 0 0
  1403 90.25 0 0 0 0 0
  1404 90.35 0 0 0 0 0
  1405 90.45 0 0 0 0 0
  1406 90.55 0 0 0 0 0
  1407 90.65 0 0 0 0 0
  1408 90.75 0 0 0 0 0
  1409 90.85 0 0 0 0 0
  1410 90.95 0 0 0 0 0
  1411 91.05 0 0 0 0 0
  1412 91.15 0 0 0 0 0
  1413 91.25 0 0 0 0 0
  1414 91.35 0 0 0 0 0
  1415 91.45 0 0 0 0 0
  1416 91.55 0 0 0 0 0
  1417 91.65 0 0 0 0 0
  1418 91.75 0 0 0 0 0
  1419 91.85 0 0 0 0 0
  1420 91.95 0 0 0 0 0
  1421 92.05 0 0 0 0 0
  1422 92.15 0 0 0 0 0
  1423 92.25 0 0 0 0 0
  1424 92.35 0 0 0 0 0
  1425 92.45 0 0 0 0 0
  1426 92.55 0 0 0 0 0
  1427 92.65 0 0 0 0 0
  1428 92.75 0 0 0 0 0
  1429 92.85 0 0 0 0 0
  1430 92.95 0 0 0 0 0
  1431 93.05 0 0 0 0 0
  1432 93.15 0 0 0 0 0
  1433 93.25 0 0 0 0 0
  1434 93.35 0 0 0 0 0
  1435 93.45 0 0 0 0 0
  1436 93.55 0 0 0 0 0
  1437 93.65 0 0 0 0 0
  1438 93.75 0 0 0 0 0
  1439 93.85 0 0 0 0 0
  1440 93.95 0 0 0 0 0
  1441 94.05 0 0 0 0 0
  1442 94.15 0 0 0 0 0
  1443 94.25 0 0 0 0 0
  1444 94.35 0 0 0 0 0
  1445 94.45 0 0 0 0 0
  1446 94.55 0 0 0 0 0
  1447 94.65 0 0 0 0 0
  1448 94.75 0 0 0 0 0
  1449 94.85 0 0 0 0 0
  1450 94.95 0 0 0 0 0
  1451 95.05 0 0 0 0 0
  1452 95.15 0 0 0 0 0
  1453 95.25 0 0 0 0 0
  1454 95.35 0 0 0 0 0
  1455 95.45 0 0 0 0 0
  1456 95.55 0 0 0 0 0
  1457 95.65 0 0 0 0 0
  1458 95.75 0 0 0 0 0
  1459 95.85 0 0 0 0 0
  1460 95.95 0 0 0 0 0
  1461 96.05 0 0 0 0 0
  1462 96.15 0 0 0 0 0
  1463 96.25 0 0 0 0 0
  1464 96.35 0 0 0 0 0
  1465 96.45 0 0 0 0 0
  1466 96.55 0 0 0 0 0
  1467 96.65 0 0 0 0 0
  1468 96.75 0 0 0 0 0
  1469 96.85 0 0 0 0 0
  1470 96.95 0 0 0 0 0
  1471 97.05 0 0 0 0 0
  1472 97.15 0 0 0 0 0
  1473 97.25 0 0 0 0 0
  1474 97.35 0 0 0 0 0
  1475 97.45 0 0 0 0 0
  1476 97.55 0 0 0 0 0
  1477 97.65 0 0 0 0 0
  1478 97.75 0 0 0 0 0
  1479 97.85 0 0 0 0 0
  1480 97.95 0 0 0 0 0
  1481 98.05 0 0 0 0 0
  1482 98.15 0 0 0 0 0
  1483 98.25 0 0 0 0 0
  1484 98.35 0 0 0 0 0
  1485 98.45 0 0 0 0 0
  1486 98.55 0 0 0 0 0
  1487 98.65 0 0 0 0 0
  1488 98.75 0 0 0 0 0
  1489 98.85 0 0 0 0 0
  1490 98.95 0 0 0 0 0
  1491 99.05 0 0 0 0 0
  1492 99.15 0 0 0 0 0
  1493 99.25 0 0 0 0 0
  1494 99.35 0 0 0 0 0
  1495 99.45 0 0 0 0 0
  1496 99.55 0 0 0 0 0
  1497 99.65 0 0 0 0 0
  1498 99.75 0 0 0 0 0
  1499 99.85 0 0 0 0 0
  1500 99.95 0 0 0 0 0
